<?xml version="1.0" encoding="UTF-8"?>
<!-- Generated by org.testng.reporters.JUnitReportReporter -->
<testsuite hostname="RVTY-5CG22095B8" failures="0" tests="1" name="in.assignment.STest" time="52.079" errors="0" timestamp="2025-06-26T18:58:12 IST" skipped="0">
  <testcase classname="in.assignment.STest" name="testCasekaroScraping" time="52.079"/>
</testsuite> <!-- in.assignment.STest -->
