<?xml version="1.0" encoding="UTF-8"?>
<!-- Generated by org.testng.reporters.JUnitReportReporter -->
<testsuite hostname="RVTY-5CG22095B8" failures="0" tests="1" name="in.assignment.TestRunner" time="39.495" errors="0" timestamp="2025-06-27T18:11:10 IST" skipped="0">
  <testcase classname="in.assignment.TestRunner" name="runScenario" time="39.495"/>
</testsuite> <!-- in.assignment.TestRunner -->
