<?xml version="1.0" encoding="UTF-8"?>
<testsuite xmlns:xsi="http://www.w3.org/2001/XMLSchema-instance" xsi:noNamespaceSchemaLocation="https://maven.apache.org/surefire/maven-surefire-plugin/xsd/surefire-test-report-3.0.xsd" version="3.0" name="in.assignment.TestRunner" time="40.329" tests="1" errors="0" skipped="0" failures="0">
  <properties>
    <property name="java.specification.version" value="24"/>
    <property name="sun.cpu.isalist" value="amd64"/>
    <property name="sun.jnu.encoding" value="Cp1252"/>
    <property name="java.class.path" value="C:\Users\2021721\Downloads\mine\Casekaro\target\test-classes;C:\Users\2021721\Downloads\mine\Casekaro\target\classes;C:\Users\2021721\.m2\repository\com\microsoft\playwright\playwright\1.52.0\playwright-1.52.0.jar;C:\Users\2021721\.m2\repository\org\opentest4j\opentest4j\1.3.0\opentest4j-1.3.0.jar;C:\Users\2021721\.m2\repository\com\microsoft\playwright\driver\1.52.0\driver-1.52.0.jar;C:\Users\2021721\.m2\repository\com\microsoft\playwright\driver-bundle\1.52.0\driver-bundle-1.52.0.jar;C:\Users\2021721\.m2\repository\org\testng\testng\7.11.0\testng-7.11.0.jar;C:\Users\2021721\.m2\repository\org\slf4j\slf4j-api\2.0.16\slf4j-api-2.0.16.jar;C:\Users\2021721\.m2\repository\org\jcommander\jcommander\1.83\jcommander-1.83.jar;C:\Users\2021721\.m2\repository\org\webjars\jquery\3.7.1\jquery-3.7.1.jar;C:\Users\2021721\.m2\repository\com\google\code\gson\gson\2.13.1\gson-2.13.1.jar;C:\Users\2021721\.m2\repository\com\google\errorprone\error_prone_annotations\2.38.0\error_prone_annotations-2.38.0.jar;C:\Users\2021721\.m2\repository\io\cucumber\cucumber-java\7.23.0\cucumber-java-7.23.0.jar;C:\Users\2021721\.m2\repository\io\cucumber\cucumber-core\7.23.0\cucumber-core-7.23.0.jar;C:\Users\2021721\.m2\repository\io\cucumber\cucumber-gherkin\7.23.0\cucumber-gherkin-7.23.0.jar;C:\Users\2021721\.m2\repository\io\cucumber\cucumber-gherkin-messages\7.23.0\cucumber-gherkin-messages-7.23.0.jar;C:\Users\2021721\.m2\repository\io\cucumber\gherkin\32.1.1\gherkin-32.1.1.jar;C:\Users\2021721\.m2\repository\io\cucumber\messages\27.2.0\messages-27.2.0.jar;C:\Users\2021721\.m2\repository\io\cucumber\testng-xml-formatter\0.3.1\testng-xml-formatter-0.3.1.jar;C:\Users\2021721\.m2\repository\io\cucumber\query\13.3.0\query-13.3.0.jar;C:\Users\2021721\.m2\repository\io\cucumber\tag-expressions\6.1.2\tag-expressions-6.1.2.jar;C:\Users\2021721\.m2\repository\io\cucumber\cucumber-expressions\18.0.1\cucumber-expressions-18.0.1.jar;C:\Users\2021721\.m2\repository\io\cucumber\datatable\7.23.0\datatable-7.23.0.jar;C:\Users\2021721\.m2\repository\io\cucumber\cucumber-plugin\7.23.0\cucumber-plugin-7.23.0.jar;C:\Users\2021721\.m2\repository\io\cucumber\docstring\7.23.0\docstring-7.23.0.jar;C:\Users\2021721\.m2\repository\io\cucumber\html-formatter\21.10.1\html-formatter-21.10.1.jar;C:\Users\2021721\.m2\repository\io\cucumber\junit-xml-formatter\0.7.1\junit-xml-formatter-0.7.1.jar;C:\Users\2021721\.m2\repository\io\cucumber\ci-environment\10.0.1\ci-environment-10.0.1.jar;C:\Users\2021721\.m2\repository\org\apiguardian\apiguardian-api\1.1.2\apiguardian-api-1.1.2.jar;C:\Users\2021721\.m2\repository\io\cucumber\cucumber-testng\7.23.0\cucumber-testng-7.23.0.jar;"/>
    <property name="java.vm.vendor" value="Oracle Corporation"/>
    <property name="sun.arch.data.model" value="64"/>
    <property name="user.variant" value=""/>
    <property name="java.vendor.url" value="https://java.oracle.com/"/>
    <property name="user.timezone" value="Asia/Calcutta"/>
    <property name="os.name" value="Windows 11"/>
    <property name="java.vm.specification.version" value="24"/>
    <property name="sun.java.launcher" value="SUN_STANDARD"/>
    <property name="user.country" value="GB"/>
    <property name="sun.boot.library.path" value="C:\Users\2021721\Downloads\jdk-24_windows-x64_bin\jdk-24.0.1\bin"/>
    <property name="sun.java.command" value="C:\Users\2021721\AppData\Local\Temp\surefire2422290382793035286\surefirebooter-20250627181029293_3.jar C:\Users\2021721\AppData\Local\Temp\surefire2422290382793035286 2025-06-27T18-10-29_197-jvmRun1 surefire-20250627181029293_1tmp surefire_0-20250627181029293_2tmp"/>
    <property name="jdk.debug" value="release"/>
    <property name="surefire.test.class.path" value="C:\Users\2021721\Downloads\mine\Casekaro\target\test-classes;C:\Users\2021721\Downloads\mine\Casekaro\target\classes;C:\Users\2021721\.m2\repository\com\microsoft\playwright\playwright\1.52.0\playwright-1.52.0.jar;C:\Users\2021721\.m2\repository\org\opentest4j\opentest4j\1.3.0\opentest4j-1.3.0.jar;C:\Users\2021721\.m2\repository\com\microsoft\playwright\driver\1.52.0\driver-1.52.0.jar;C:\Users\2021721\.m2\repository\com\microsoft\playwright\driver-bundle\1.52.0\driver-bundle-1.52.0.jar;C:\Users\2021721\.m2\repository\org\testng\testng\7.11.0\testng-7.11.0.jar;C:\Users\2021721\.m2\repository\org\slf4j\slf4j-api\2.0.16\slf4j-api-2.0.16.jar;C:\Users\2021721\.m2\repository\org\jcommander\jcommander\1.83\jcommander-1.83.jar;C:\Users\2021721\.m2\repository\org\webjars\jquery\3.7.1\jquery-3.7.1.jar;C:\Users\2021721\.m2\repository\com\google\code\gson\gson\2.13.1\gson-2.13.1.jar;C:\Users\2021721\.m2\repository\com\google\errorprone\error_prone_annotations\2.38.0\error_prone_annotations-2.38.0.jar;C:\Users\2021721\.m2\repository\io\cucumber\cucumber-java\7.23.0\cucumber-java-7.23.0.jar;C:\Users\2021721\.m2\repository\io\cucumber\cucumber-core\7.23.0\cucumber-core-7.23.0.jar;C:\Users\2021721\.m2\repository\io\cucumber\cucumber-gherkin\7.23.0\cucumber-gherkin-7.23.0.jar;C:\Users\2021721\.m2\repository\io\cucumber\cucumber-gherkin-messages\7.23.0\cucumber-gherkin-messages-7.23.0.jar;C:\Users\2021721\.m2\repository\io\cucumber\gherkin\32.1.1\gherkin-32.1.1.jar;C:\Users\2021721\.m2\repository\io\cucumber\messages\27.2.0\messages-27.2.0.jar;C:\Users\2021721\.m2\repository\io\cucumber\testng-xml-formatter\0.3.1\testng-xml-formatter-0.3.1.jar;C:\Users\2021721\.m2\repository\io\cucumber\query\13.3.0\query-13.3.0.jar;C:\Users\2021721\.m2\repository\io\cucumber\tag-expressions\6.1.2\tag-expressions-6.1.2.jar;C:\Users\2021721\.m2\repository\io\cucumber\cucumber-expressions\18.0.1\cucumber-expressions-18.0.1.jar;C:\Users\2021721\.m2\repository\io\cucumber\datatable\7.23.0\datatable-7.23.0.jar;C:\Users\2021721\.m2\repository\io\cucumber\cucumber-plugin\7.23.0\cucumber-plugin-7.23.0.jar;C:\Users\2021721\.m2\repository\io\cucumber\docstring\7.23.0\docstring-7.23.0.jar;C:\Users\2021721\.m2\repository\io\cucumber\html-formatter\21.10.1\html-formatter-21.10.1.jar;C:\Users\2021721\.m2\repository\io\cucumber\junit-xml-formatter\0.7.1\junit-xml-formatter-0.7.1.jar;C:\Users\2021721\.m2\repository\io\cucumber\ci-environment\10.0.1\ci-environment-10.0.1.jar;C:\Users\2021721\.m2\repository\org\apiguardian\apiguardian-api\1.1.2\apiguardian-api-1.1.2.jar;C:\Users\2021721\.m2\repository\io\cucumber\cucumber-testng\7.23.0\cucumber-testng-7.23.0.jar;"/>
    <property name="sun.cpu.endian" value="little"/>
    <property name="user.home" value="C:\Users\2021721"/>
    <property name="user.language" value="en"/>
    <property name="java.specification.vendor" value="Oracle Corporation"/>
    <property name="java.version.date" value="2025-04-15"/>
    <property name="java.home" value="C:\Users\2021721\Downloads\jdk-24_windows-x64_bin\jdk-24.0.1"/>
    <property name="file.separator" value="\"/>
    <property name="basedir" value="C:\Users\2021721\Downloads\mine\Casekaro"/>
    <property name="java.vm.compressedOopsMode" value="Zero based"/>
    <property name="line.separator" value="&#10;"/>
    <property name="java.vm.specification.vendor" value="Oracle Corporation"/>
    <property name="java.specification.name" value="Java Platform API Specification"/>
    <property name="surefire.real.class.path" value="C:\Users\2021721\AppData\Local\Temp\surefire2422290382793035286\surefirebooter-20250627181029293_3.jar"/>
    <property name="user.script" value=""/>
    <property name="sun.management.compiler" value="HotSpot 64-Bit Tiered Compilers"/>
    <property name="java.runtime.version" value="24.0.1+9-30"/>
    <property name="user.name" value="2021721"/>
    <property name="stdout.encoding" value="Cp1252"/>
    <property name="path.separator" value=";"/>
    <property name="os.version" value="10.0"/>
    <property name="java.runtime.name" value="Java(TM) SE Runtime Environment"/>
    <property name="file.encoding" value="UTF-8"/>
    <property name="java.vm.name" value="Java HotSpot(TM) 64-Bit Server VM"/>
    <property name="localRepository" value="C:\Users\2021721\.m2\repository"/>
    <property name="java.vendor.url.bug" value="https://bugreport.java.com/bugreport/"/>
    <property name="java.io.tmpdir" value="C:\Users\2021721\AppData\Local\Temp\"/>
    <property name="java.version" value="24.0.1"/>
    <property name="user.dir" value="C:\Users\2021721\Downloads\mine\Casekaro"/>
    <property name="os.arch" value="amd64"/>
    <property name="java.vm.specification.name" value="Java Virtual Machine Specification"/>
    <property name="sun.os.patch.level" value=""/>
    <property name="native.encoding" value="Cp1252"/>
    <property name="java.library.path" value="C:\Users\2021721\Downloads\jdk-24_windows-x64_bin\jdk-24.0.1\bin;C:\Windows\Sun\Java\bin;C:\Windows\system32;C:\Windows;C:\Windows\system32;C:\Windows;C:\Windows\System32\Wbem;C:\Windows\System32\WindowsPowerShell\v1.0\;C:\Windows\System32\OpenSSH\;C:\Users\2021721\AppData\Local\Programs\Python\Launcher\;C:\Users\2021721\AppData\Local\Microsoft\WindowsApps;;C:\Program Files\JetBrains\IntelliJ IDEA Community Edition 2025.1.3\bin;;."/>
    <property name="java.vm.info" value="mixed mode, sharing"/>
    <property name="stderr.encoding" value="Cp1252"/>
    <property name="java.vendor" value="Oracle Corporation"/>
    <property name="java.vm.version" value="24.0.1+9-30"/>
    <property name="sun.io.unicode.encoding" value="UnicodeLittle"/>
    <property name="java.class.version" value="68.0"/>
  </properties>
  <testcase name="runScenario[&quot;Search and scrape available iPhone 16 Pro covers&quot;, &quot;Casekaro iPhone 16 Pro Covers&quot;](1)" classname="in.assignment.TestRunner" time="39.496">
    <system-out><![CDATA[
Scenario: Search and scrape available iPhone 16 Pro covers &amp#27;[90m# src/test/resources/features/casekaro.feature:3&amp#27;[0m
  &amp#27;[32mGiven &amp#27;[0m&amp#27;[32mI open the Casekaro website&amp#27;[0m                        &amp#27;[90m# in.assignment.STest.openCasekaro()&amp#27;[0m
  &amp#27;[32mWhen &amp#27;[0m&amp#27;[32mI navigate to Mobile Covers and search for Apple&amp#27;[0m    &amp#27;[90m# in.assignment.STest.navigateToApple()&amp#27;[0m
  &amp#27;[32mAnd &amp#27;[0m&amp#27;[32mI search and open the iPhone 16 Pro page&amp#27;[0m             &amp#27;[90m# in.assignment.STest.openIphone16Pro()&amp#27;[0m
  &amp#27;[32mAnd &amp#27;[0m&amp#27;[32mI apply the In Stock filter&amp#27;[0m                          &amp#27;[90m# in.assignment.STest.applyFilter()&amp#27;[0m
Done. 24 items saved to products.json
  &amp#27;[32mThen &amp#27;[0m&amp#27;[32mI scrape the product data and save it as JSON&amp#27;[0m       &amp#27;[90m# in.assignment.STest.scrapeAndSave()&amp#27;[0m
Description: 
                BMW Stripes Pattern iPhone 16 Pro Back Cover
              
Price After Discount: From ₹ 69.00
Actual Price: ₹ 499.00
Image Link: https://casekaro.com/cdn/shop/files/CK-0623-iP16PRO-0677-A.jpg?v=1727631261&width=533
----------------------------------------
Description: 
                Classic Porsche 911 iPhone 16 Pro Back Cover
              
Price After Discount: From ₹ 69.00
Actual Price: ₹ 499.00
Image Link: https://casekaro.com/cdn/shop/files/CK-0623-iP16PRO-0690-A.jpg?v=1736839142&width=533
----------------------------------------
Description: 
                Spider Man iPhone 16 Pro Back Cover
              
Price After Discount: From ₹ 69.00
Actual Price: ₹ 499.00
Image Link: https://casekaro.com/cdn/shop/files/CK-0623-iP16PRO-0610-A.jpg?v=1727630965&width=533
----------------------------------------
Description: 
                Cartoon Astronaut iPhone 16 Pro Back Cover
              
Price After Discount: From ₹ 69.00
Actual Price: ₹ 499.00
Image Link: https://casekaro.com/cdn/shop/files/CK-0623-iP16PRO-0608-A.jpg?v=1727630955&width=533
----------------------------------------
Description: 
                Sticker Bomb iPhone 16 Pro Back Cover
              
Price After Discount: From ₹ 69.00
Actual Price: ₹ 499.00
Image Link: https://casekaro.com/cdn/shop/files/CK-0623-iP16PRO-0438-A.jpg?v=1727545789&width=533
----------------------------------------
Description: 
                Chota Naruto iPhone 16 Pro Back Cover
              
Price After Discount: From ₹ 69.00
Actual Price: ₹ 499.00
Image Link: https://casekaro.com/cdn/shop/files/CK-0623-iP16PRO-0606-A.jpg?v=1727630940&width=533
----------------------------------------
Description: 
                Deadpool iPhone 16 Pro Back Cover
              
Price After Discount: From ₹ 69.00
Actual Price: ₹ 499.00
Image Link: https://casekaro.com/cdn/shop/files/CK-0623-iP16PRO-0595-A.jpg?v=1727630898&width=533
----------------------------------------
Description: 
                Satyamev Jayate Golden iPhone 16 Pro Back Cover
              
Price After Discount: From ₹ 69.00
Actual Price: ₹ 499.00
Image Link: https://casekaro.com/cdn/shop/files/CK-0623-iP16PRO-0580-A.jpg?v=1727630835&width=533
----------------------------------------
Description: 
                Itachi Uchiha iPhone 16 Pro Back Cover
              
Price After Discount: From ₹ 69.00
Actual Price: ₹ 499.00
Image Link: https://casekaro.com/cdn/shop/files/CK-0623-iP16PRO-0614-A.jpg?v=1727630983&width=533
----------------------------------------
Description: 
                Black Marble Texture iPhone 16 Pro Back Cover
              
Price After Discount: From ₹ 69.00
Actual Price: ₹ 499.00
Image Link: https://casekaro.com/cdn/shop/files/CK-0623-iP16PRO-0061-A.jpg?v=1727545265&width=533
----------------------------------------
Description: 
                Geometric Pattern iPhone 16 Pro Back Cover
              
Price After Discount: From ₹ 69.00
Actual Price: ₹ 499.00
Image Link: https://casekaro.com/cdn/shop/files/CK-0623-iP16PRO-0532-A.jpg?v=1727630643&width=533
----------------------------------------
Description: 
                BMW Stripes iPhone 16 Pro Back Cover
              
Price After Discount: From ₹ 69.00
Actual Price: ₹ 499.00
Image Link: https://casekaro.com/cdn/shop/files/CK-0623-iP16PRO-0670-A.jpg?v=1727631233&width=533
----------------------------------------
Description: 
                Ew People Catitude iPhone 16 Pro Back Cover
              
Price After Discount: From ₹ 69.00
Actual Price: ₹ 499.00
Image Link: https://casekaro.com/cdn/shop/files/CK-0623-iP16PRO-0682-A.jpg?v=1736839100&width=533
----------------------------------------
Description: 
                Lion Art iPhone 16 Pro Back Cover
              
Price After Discount: From ₹ 69.00
Actual Price: ₹ 499.00
Image Link: https://casekaro.com/cdn/shop/files/CK-0623-iP16PRO-0358-A.jpg?v=1727545579&width=533
----------------------------------------
Description: 
                Do Shit You Love iPhone 16 Pro Back Cover
              
Price After Discount: From ₹ 69.00
Actual Price: ₹ 499.00
Image Link: https://casekaro.com/cdn/shop/files/CK-0623-iP16PRO-0361-A.jpg?v=1727545599&width=533
----------------------------------------
Description: 
                Superman iPhone 16 Pro Back Cover
              
Price After Discount: From ₹ 69.00
Actual Price: ₹ 499.00
Image Link: https://casekaro.com/cdn/shop/files/CK-0623-iP16PRO-0016-A.jpg?v=1727545201&width=533
----------------------------------------
Description: 
                Bull Trading Momentum iPhone 16 Pro Back Cover
              
Price After Discount: From ₹ 69.00
Actual Price: ₹ 499.00
Image Link: https://casekaro.com/cdn/shop/files/CK-0623-iP16PRO-0688-A.jpg?v=1736839132&width=533
----------------------------------------
Description: 
                Spider iPhone 16 Pro Back Cover
              
Price After Discount: From ₹ 69.00
Actual Price: ₹ 499.00
Image Link: https://casekaro.com/cdn/shop/files/CK-0623-iP16PRO-0594-A.jpg?v=1727630895&width=533
----------------------------------------
Description: 
                Funny Cartoon iPhone 16 Pro Back Cover
              
Price After Discount: From ₹ 69.00
Actual Price: ₹ 499.00
Image Link: https://casekaro.com/cdn/shop/files/CK-0623-iP16PRO-0523-A.jpg?v=1727630609&width=533
----------------------------------------
Description: 
                Akatsuki iPhone 16 Pro Back Cover
              
Price After Discount: From ₹ 69.00
Actual Price: ₹ 499.00
Image Link: https://casekaro.com/cdn/shop/files/CK-0623-iP16PRO-0514-A.jpg?v=1727630575&width=533
----------------------------------------
Description: 
                Heart iPhone 16 Pro Back Cover
              
Price After Discount: From ₹ 69.00
Actual Price: ₹ 499.00
Image Link: https://casekaro.com/cdn/shop/files/CK-0623-iP16PRO-0113-A.jpg?v=1727545289&width=533
----------------------------------------
Description: 
                Soft Silicone iPhone 16 Pro Back Cover
              
Price After Discount: ₹ 99.00
Actual Price: ₹ 499.00
Image Link: https://casekaro.com/cdn/shop/files/Soft_Silicone_0007_6740e3a6-3970-408f-99a7-f7f1bbdab380.jpg?v=1746435971&width=533
----------------------------------------
Description: 
                Satyamev Jayate Golden iPhone 16 Pro Glass Case
              
Price After Discount: ₹ 249.00
Actual Price: ₹ 699.00
Image Link: https://casekaro.com/cdn/shop/files/GC-0623-iP16PRO-0580-A_e1c98492-65ba-4262-8a4c-82e6558a702b.jpg?v=1729762672&width=533
----------------------------------------
Description: 
                Arctic Monkeys iPhone 16 Pro Glass Case
              
Price After Discount: ₹ 249.00
Actual Price: ₹ 699.00
Image Link: https://casekaro.com/cdn/shop/files/GC-0623-iP16PRO-0692-A.jpg?v=1742036811&width=533
----------------------------------------
Done. 24 products saved & printed.
  &amp#27;[32mAnd &amp#27;[0m&amp#27;[32mI sort the products by price and print them&amp#27;[0m          &amp#27;[90m# in.assignment.STest.sortAndPrint()&amp#27;[0m
]]></system-out>
    <system-err><![CDATA[SLF4J(W): No SLF4J providers were found.
SLF4J(W): Defaulting to no-operation (NOP) logger implementation
SLF4J(W): See https://www.slf4j.org/codes.html#noProviders for further details.
]]></system-err>
  </testcase>
</testsuite>